{
  "0 debug pnpm:scope": {
    "selected": 1
  },
  "1 debug pnpm:package-manifest": {
    "initial": {
      "name": "bfzli",
      "version": "0.0.1",
      "private": true,
      "dependencies": {
        "react": "^17.0.2",
        "react-dom": "^17.0.2",
        "react-scripts": "^1.1.5",
        "styled-components": "^5.3.1"
      },
      "scripts": {
        "start": "react-scripts start",
        "build": "react-scripts build",
        "test": "react-scripts test",
        "eject": "react-scripts eject"
      },
      "eslintConfig": {
        "extends": [
          "react-app",
          "react-app/jest"
        ]
      },
      "browserslist": {
        "production": [
          ">0.2%",
          "not dead",
          "not op_mini all"
        ],
        "development": [
          "last 1 chrome version",
          "last 1 firefox version",
          "last 1 safari version"
        ]
      }
    },
    "prefix": "C:\\bfzli\\reactjs\\bfzli"
  },
  "2 debug pnpm:context": {
    "currentLockfileExists": false,
    "storeDir": "C:\\Users\\Benjamin Fazli\\.pnpm-store\\v3",
    "virtualStoreDir": "C:\\bfzli\\reactjs\\bfzli\\node_modules\\.pnpm"
  },
  "3 debug pnpm:stage": {
    "prefix": "C:\\bfzli\\reactjs\\bfzli",
    "stage": "resolution_started"
  },
  "4 warn pnpm": {
    "message": "Moving styled-components that was installed by a different package manager to \"node_modules/.ignored",
    "prefix": "C:\\bfzli\\reactjs\\bfzli"
  },
  "5 error pnpm": {
    "errno": -4048,
    "code": "EPERM",
    "syscall": "rename",
    "path": "C:\\Bfzli\\reactjs\\bfzli\\node_modules\\styled-components",
    "dest": "C:\\Bfzli\\reactjs\\bfzli\\node_modules\\.ignored\\styled-components",
    "err": {
      "name": "Error",
      "message": "EPERM: operation not permitted, rename 'C:\\Bfzli\\reactjs\\bfzli\\node_modules\\styled-components' -> 'C:\\Bfzli\\reactjs\\bfzli\\node_modules\\.ignored\\styled-components'",
      "code": "EPERM",
      "stack": "Error: EPERM: operation not permitted, rename 'C:\\Bfzli\\reactjs\\bfzli\\node_modules\\styled-components' -> 'C:\\Bfzli\\reactjs\\bfzli\\node_modules\\.ignored\\styled-components'"
    }
  }
}